c:\users\bill\documents\github\tarrasch-chess-gui\pgn2tdb\debug\vc142.pdb
c:\users\bill\documents\github\tarrasch-chess-gui\pgn2tdb\debug\vc142.idb
c:\users\bill\documents\github\tarrasch-chess-gui\pgn2tdb\debug\util.obj
c:\users\bill\documents\github\tarrasch-chess-gui\pgn2tdb\debug\thc.obj
c:\users\bill\documents\github\tarrasch-chess-gui\pgn2tdb\debug\shim.obj
c:\users\bill\documents\github\tarrasch-chess-gui\pgn2tdb\debug\pgnread.obj
c:\users\bill\documents\github\tarrasch-chess-gui\pgn2tdb\debug\pgnfiles.obj
c:\users\bill\documents\github\tarrasch-chess-gui\pgn2tdb\debug\pgn2tdb.obj
c:\users\bill\documents\github\tarrasch-chess-gui\pgn2tdb\debug\packedgamebindb.obj
c:\users\bill\documents\github\tarrasch-chess-gui\pgn2tdb\debug\packedgame.obj
c:\users\bill\documents\github\tarrasch-chess-gui\pgn2tdb\debug\movetree.obj
c:\users\bill\documents\github\tarrasch-chess-gui\pgn2tdb\debug\lang.obj
c:\users\bill\documents\github\tarrasch-chess-gui\pgn2tdb\debug\gameview.obj
c:\users\bill\documents\github\tarrasch-chess-gui\pgn2tdb\debug\gamescache.obj
c:\users\bill\documents\github\tarrasch-chess-gui\pgn2tdb\debug\gamedocument.obj
c:\users\bill\documents\github\tarrasch-chess-gui\pgn2tdb\debug\compressmoves.obj
c:\users\bill\documents\github\tarrasch-chess-gui\pgn2tdb\debug\compactgame.obj
c:\users\bill\documents\github\tarrasch-chess-gui\pgn2tdb\debug\bindb.obj
c:\users\bill\documents\github\tarrasch-chess-gui\debug\pgn2tdb.exe
c:\users\bill\documents\github\tarrasch-chess-gui\pgn2tdb\debug\pgn2tdb.ilk
c:\users\bill\documents\github\tarrasch-chess-gui\debug\pgn2tdb.pdb
c:\users\bill\documents\github\tarrasch-chess-gui\pgn2tdb\debug\pgn2tdb.tlog\cl.command.1.tlog
c:\users\bill\documents\github\tarrasch-chess-gui\pgn2tdb\debug\pgn2tdb.tlog\cl.read.1.tlog
c:\users\bill\documents\github\tarrasch-chess-gui\pgn2tdb\debug\pgn2tdb.tlog\cl.write.1.tlog
c:\users\bill\documents\github\tarrasch-chess-gui\pgn2tdb\debug\pgn2tdb.tlog\link.command.1.tlog
c:\users\bill\documents\github\tarrasch-chess-gui\pgn2tdb\debug\pgn2tdb.tlog\link.read.1.tlog
c:\users\bill\documents\github\tarrasch-chess-gui\pgn2tdb\debug\pgn2tdb.tlog\link.write.1.tlog
