c:\users\bill\documents\github\tarrasch-chess-gui\pgn2tdb\release\vc142.pdb
c:\users\bill\documents\github\tarrasch-chess-gui\pgn2tdb\release\util.obj
c:\users\bill\documents\github\tarrasch-chess-gui\pgn2tdb\release\thc.obj
c:\users\bill\documents\github\tarrasch-chess-gui\pgn2tdb\release\shim.obj
c:\users\bill\documents\github\tarrasch-chess-gui\pgn2tdb\release\pgnread.obj
c:\users\bill\documents\github\tarrasch-chess-gui\pgn2tdb\release\pgnfiles.obj
c:\users\bill\documents\github\tarrasch-chess-gui\pgn2tdb\release\pgn2tdb.obj
c:\users\bill\documents\github\tarrasch-chess-gui\pgn2tdb\release\packedgamebindb.obj
c:\users\bill\documents\github\tarrasch-chess-gui\pgn2tdb\release\packedgame.obj
c:\users\bill\documents\github\tarrasch-chess-gui\pgn2tdb\release\movetree.obj
c:\users\bill\documents\github\tarrasch-chess-gui\pgn2tdb\release\lang.obj
c:\users\bill\documents\github\tarrasch-chess-gui\pgn2tdb\release\gameview.obj
c:\users\bill\documents\github\tarrasch-chess-gui\pgn2tdb\release\gamescache.obj
c:\users\bill\documents\github\tarrasch-chess-gui\pgn2tdb\release\gamedocument.obj
c:\users\bill\documents\github\tarrasch-chess-gui\pgn2tdb\release\compressmoves.obj
c:\users\bill\documents\github\tarrasch-chess-gui\pgn2tdb\release\compactgame.obj
c:\users\bill\documents\github\tarrasch-chess-gui\pgn2tdb\release\bindb.obj
c:\users\bill\documents\github\tarrasch-chess-gui\release\pgn2tdb.exe
c:\users\bill\documents\github\tarrasch-chess-gui\pgn2tdb\release\pgn2tdb.ipdb
c:\users\bill\documents\github\tarrasch-chess-gui\pgn2tdb\release\pgn2tdb.iobj
c:\users\bill\documents\github\tarrasch-chess-gui\release\pgn2tdb.pdb
c:\users\bill\documents\github\tarrasch-chess-gui\pgn2tdb\release\pgn2tdb.tlog\cl.command.1.tlog
c:\users\bill\documents\github\tarrasch-chess-gui\pgn2tdb\release\pgn2tdb.tlog\cl.read.1.tlog
c:\users\bill\documents\github\tarrasch-chess-gui\pgn2tdb\release\pgn2tdb.tlog\cl.write.1.tlog
c:\users\bill\documents\github\tarrasch-chess-gui\pgn2tdb\release\pgn2tdb.tlog\link.command.1.tlog
c:\users\bill\documents\github\tarrasch-chess-gui\pgn2tdb\release\pgn2tdb.tlog\link.read.1.tlog
c:\users\bill\documents\github\tarrasch-chess-gui\pgn2tdb\release\pgn2tdb.tlog\link.write.1.tlog
