  BinDb.cpp
C:\Users\Bill\Documents\Github\tarrasch-chess-gui\pgn2tdb\BinDb.cpp(1183,43): warning C4244: '=': conversion from 'uint64_t' to 'int', possible loss of data
C:\Users\Bill\Documents\Github\tarrasch-chess-gui\pgn2tdb\BinDb.cpp(1185,50): warning C4244: '=': conversion from 'uint64_t' to 'int', possible loss of data
  CompactGame.cpp
  CompressMoves.cpp
  GameDocument.cpp
  GamesCache.cpp
  GameView.cpp
  Lang.cpp
  MoveTree.cpp
  PackedGame.cpp
  PackedGameBinDb.cpp
  pgn2tdb.cpp
  PgnFiles.cpp
  PgnRead.cpp
  shim.cpp
  thc.cpp
  util.cpp
  Generating code
  Previous IPDB not found, fall back to full compilation.
  All 1859 functions were compiled because no usable IPDB/IOBJ from previous compilation was found.
  Finished generating code
  pgn2tdb.vcxproj -> C:\Users\Bill\Documents\Github\tarrasch-chess-gui\Release\pgn2tdb.exe
